29-Aug-2023 21:40:09.652 INFO [main] org.apache.catalina.startup.VersionLoggerListener.log Server version name:   Apache Tomcat/10.1.12
29-Aug-2023 21:40:09.655 INFO [main] org.apache.catalina.startup.VersionLoggerListener.log Server built:          Aug 8 2023 19:16:13 UTC
29-Aug-2023 21:40:09.656 INFO [main] org.apache.catalina.startup.VersionLoggerListener.log Server version number: 10.1.12.0
29-Aug-2023 21:40:09.656 INFO [main] org.apache.catalina.startup.VersionLoggerListener.log OS Name:               Mac OS X
29-Aug-2023 21:40:09.656 INFO [main] org.apache.catalina.startup.VersionLoggerListener.log OS Version:            10.16
29-Aug-2023 21:40:09.656 INFO [main] org.apache.catalina.startup.VersionLoggerListener.log Architecture:          x86_64
29-Aug-2023 21:40:09.656 INFO [main] org.apache.catalina.startup.VersionLoggerListener.log Java Home:             /Library/Java/JavaVirtualMachines/jdk-13.0.1.jdk/Contents/Home
29-Aug-2023 21:40:09.656 INFO [main] org.apache.catalina.startup.VersionLoggerListener.log JVM Version:           13.0.1+9
29-Aug-2023 21:40:09.656 INFO [main] org.apache.catalina.startup.VersionLoggerListener.log JVM Vendor:            Oracle Corporation
29-Aug-2023 21:40:09.656 INFO [main] org.apache.catalina.startup.VersionLoggerListener.log CATALINA_BASE:         /Users/juan/code/skillsoft/java-novice-to-javanista/track-3-javanista/java-web-services-integrating-web-services-with-a-database/server/apache-tomcat-10.1.12
29-Aug-2023 21:40:09.656 INFO [main] org.apache.catalina.startup.VersionLoggerListener.log CATALINA_HOME:         /Users/juan/code/skillsoft/java-novice-to-javanista/track-3-javanista/java-web-services-integrating-web-services-with-a-database/server/apache-tomcat-10.1.12
29-Aug-2023 21:40:09.671 INFO [main] org.apache.catalina.startup.VersionLoggerListener.log Command line argument: -Djava.util.logging.config.file=/Users/juan/code/skillsoft/java-novice-to-javanista/track-3-javanista/java-web-services-integrating-web-services-with-a-database/server/apache-tomcat-10.1.12/conf/logging.properties
29-Aug-2023 21:40:09.671 INFO [main] org.apache.catalina.startup.VersionLoggerListener.log Command line argument: -Djava.util.logging.manager=org.apache.juli.ClassLoaderLogManager
29-Aug-2023 21:40:09.671 INFO [main] org.apache.catalina.startup.VersionLoggerListener.log Command line argument: -Djdk.tls.ephemeralDHKeySize=2048
29-Aug-2023 21:40:09.671 INFO [main] org.apache.catalina.startup.VersionLoggerListener.log Command line argument: -Djava.protocol.handler.pkgs=org.apache.catalina.webresources
29-Aug-2023 21:40:09.671 INFO [main] org.apache.catalina.startup.VersionLoggerListener.log Command line argument: -Dorg.apache.catalina.security.SecurityListener.UMASK=0027
29-Aug-2023 21:40:09.671 INFO [main] org.apache.catalina.startup.VersionLoggerListener.log Command line argument: --add-opens=java.base/java.lang=ALL-UNNAMED
29-Aug-2023 21:40:09.671 INFO [main] org.apache.catalina.startup.VersionLoggerListener.log Command line argument: --add-opens=java.base/java.io=ALL-UNNAMED
29-Aug-2023 21:40:09.671 INFO [main] org.apache.catalina.startup.VersionLoggerListener.log Command line argument: --add-opens=java.base/java.util=ALL-UNNAMED
29-Aug-2023 21:40:09.672 INFO [main] org.apache.catalina.startup.VersionLoggerListener.log Command line argument: --add-opens=java.base/java.util.concurrent=ALL-UNNAMED
29-Aug-2023 21:40:09.672 INFO [main] org.apache.catalina.startup.VersionLoggerListener.log Command line argument: --add-opens=java.rmi/sun.rmi.transport=ALL-UNNAMED
29-Aug-2023 21:40:09.672 INFO [main] org.apache.catalina.startup.VersionLoggerListener.log Command line argument: -Dcatalina.base=/Users/juan/code/skillsoft/java-novice-to-javanista/track-3-javanista/java-web-services-integrating-web-services-with-a-database/server/apache-tomcat-10.1.12
29-Aug-2023 21:40:09.672 INFO [main] org.apache.catalina.startup.VersionLoggerListener.log Command line argument: -Dcatalina.home=/Users/juan/code/skillsoft/java-novice-to-javanista/track-3-javanista/java-web-services-integrating-web-services-with-a-database/server/apache-tomcat-10.1.12
29-Aug-2023 21:40:09.672 INFO [main] org.apache.catalina.startup.VersionLoggerListener.log Command line argument: -Djava.io.tmpdir=/Users/juan/code/skillsoft/java-novice-to-javanista/track-3-javanista/java-web-services-integrating-web-services-with-a-database/server/apache-tomcat-10.1.12/temp
29-Aug-2023 21:40:09.675 INFO [main] org.apache.catalina.core.AprLifecycleListener.lifecycleEvent The Apache Tomcat Native library which allows using OpenSSL was not found on the java.library.path: [/Users/juan/Library/Java/Extensions:/Library/Java/Extensions:/Network/Library/Java/Extensions:/System/Library/Java/Extensions:/usr/lib/java:.]
29-Aug-2023 21:40:09.933 INFO [main] org.apache.coyote.AbstractProtocol.init Initializing ProtocolHandler ["http-nio-8080"]
29-Aug-2023 21:40:09.958 INFO [main] org.apache.catalina.startup.Catalina.load Server initialization in [513] milliseconds
29-Aug-2023 21:40:10.011 INFO [main] org.apache.catalina.core.StandardService.startInternal Starting service [Catalina]
29-Aug-2023 21:40:10.011 INFO [main] org.apache.catalina.core.StandardEngine.startInternal Starting Servlet engine: [Apache Tomcat/10.1.12]
29-Aug-2023 21:40:10.027 INFO [main] org.apache.catalina.startup.HostConfig.deployDirectory Deploying web application directory [/Users/juan/code/skillsoft/java-novice-to-javanista/track-3-javanista/java-web-services-integrating-web-services-with-a-database/server/apache-tomcat-10.1.12/webapps/docs]
29-Aug-2023 21:40:10.334 INFO [main] org.apache.catalina.startup.HostConfig.deployDirectory Deployment of web application directory [/Users/juan/code/skillsoft/java-novice-to-javanista/track-3-javanista/java-web-services-integrating-web-services-with-a-database/server/apache-tomcat-10.1.12/webapps/docs] has finished in [307] ms
29-Aug-2023 21:40:10.335 INFO [main] org.apache.catalina.startup.HostConfig.deployDirectory Deploying web application directory [/Users/juan/code/skillsoft/java-novice-to-javanista/track-3-javanista/java-web-services-integrating-web-services-with-a-database/server/apache-tomcat-10.1.12/webapps/manager]
29-Aug-2023 21:40:10.378 INFO [main] org.apache.catalina.startup.HostConfig.deployDirectory Deployment of web application directory [/Users/juan/code/skillsoft/java-novice-to-javanista/track-3-javanista/java-web-services-integrating-web-services-with-a-database/server/apache-tomcat-10.1.12/webapps/manager] has finished in [43] ms
29-Aug-2023 21:40:10.378 INFO [main] org.apache.catalina.startup.HostConfig.deployDirectory Deploying web application directory [/Users/juan/code/skillsoft/java-novice-to-javanista/track-3-javanista/java-web-services-integrating-web-services-with-a-database/server/apache-tomcat-10.1.12/webapps/examples]
29-Aug-2023 21:40:10.663 INFO [main] org.apache.catalina.startup.HostConfig.deployDirectory Deployment of web application directory [/Users/juan/code/skillsoft/java-novice-to-javanista/track-3-javanista/java-web-services-integrating-web-services-with-a-database/server/apache-tomcat-10.1.12/webapps/examples] has finished in [285] ms
29-Aug-2023 21:40:10.663 INFO [main] org.apache.catalina.startup.HostConfig.deployDirectory Deploying web application directory [/Users/juan/code/skillsoft/java-novice-to-javanista/track-3-javanista/java-web-services-integrating-web-services-with-a-database/server/apache-tomcat-10.1.12/webapps/ROOT]
29-Aug-2023 21:40:10.680 INFO [main] org.apache.catalina.startup.HostConfig.deployDirectory Deployment of web application directory [/Users/juan/code/skillsoft/java-novice-to-javanista/track-3-javanista/java-web-services-integrating-web-services-with-a-database/server/apache-tomcat-10.1.12/webapps/ROOT] has finished in [17] ms
29-Aug-2023 21:40:10.680 INFO [main] org.apache.catalina.startup.HostConfig.deployDirectory Deploying web application directory [/Users/juan/code/skillsoft/java-novice-to-javanista/track-3-javanista/java-web-services-integrating-web-services-with-a-database/server/apache-tomcat-10.1.12/webapps/host-manager]
29-Aug-2023 21:40:10.702 INFO [main] org.apache.catalina.startup.HostConfig.deployDirectory Deployment of web application directory [/Users/juan/code/skillsoft/java-novice-to-javanista/track-3-javanista/java-web-services-integrating-web-services-with-a-database/server/apache-tomcat-10.1.12/webapps/host-manager] has finished in [21] ms
29-Aug-2023 21:40:10.705 INFO [main] org.apache.coyote.AbstractProtocol.start Starting ProtocolHandler ["http-nio-8080"]
29-Aug-2023 21:40:10.718 INFO [main] org.apache.catalina.startup.Catalina.start Server startup in [760] milliseconds
