29-Aug-2023 21:40:09.652 INFO [main] org.apache.catalina.startup.VersionLoggerListener.log Server version name:   Apache Tomcat/10.1.12
29-Aug-2023 21:40:09.655 INFO [main] org.apache.catalina.startup.VersionLoggerListener.log Server built:          Aug 8 2023 19:16:13 UTC
29-Aug-2023 21:40:09.656 INFO [main] org.apache.catalina.startup.VersionLoggerListener.log Server version number: 10.1.12.0
29-Aug-2023 21:40:09.656 INFO [main] org.apache.catalina.startup.VersionLoggerListener.log OS Name:               Mac OS X
29-Aug-2023 21:40:09.656 INFO [main] org.apache.catalina.startup.VersionLoggerListener.log OS Version:            10.16
29-Aug-2023 21:40:09.656 INFO [main] org.apache.catalina.startup.VersionLoggerListener.log Architecture:          x86_64
29-Aug-2023 21:40:09.656 INFO [main] org.apache.catalina.startup.VersionLoggerListener.log Java Home:             /Library/Java/JavaVirtualMachines/jdk-13.0.1.jdk/Contents/Home
29-Aug-2023 21:40:09.656 INFO [main] org.apache.catalina.startup.VersionLoggerListener.log JVM Version:           13.0.1+9
29-Aug-2023 21:40:09.656 INFO [main] org.apache.catalina.startup.VersionLoggerListener.log JVM Vendor:            Oracle Corporation
29-Aug-2023 21:40:09.656 INFO [main] org.apache.catalina.startup.VersionLoggerListener.log CATALINA_BASE:         /Users/juan/code/skillsoft/java-novice-to-javanista/track-3-javanista/java-web-services-integrating-web-services-with-a-database/server/apache-tomcat-10.1.12
29-Aug-2023 21:40:09.656 INFO [main] org.apache.catalina.startup.VersionLoggerListener.log CATALINA_HOME:         /Users/juan/code/skillsoft/java-novice-to-javanista/track-3-javanista/java-web-services-integrating-web-services-with-a-database/server/apache-tomcat-10.1.12
29-Aug-2023 21:40:09.671 INFO [main] org.apache.catalina.startup.VersionLoggerListener.log Command line argument: -Djava.util.logging.config.file=/Users/juan/code/skillsoft/java-novice-to-javanista/track-3-javanista/java-web-services-integrating-web-services-with-a-database/server/apache-tomcat-10.1.12/conf/logging.properties
29-Aug-2023 21:40:09.671 INFO [main] org.apache.catalina.startup.VersionLoggerListener.log Command line argument: -Djava.util.logging.manager=org.apache.juli.ClassLoaderLogManager
29-Aug-2023 21:40:09.671 INFO [main] org.apache.catalina.startup.VersionLoggerListener.log Command line argument: -Djdk.tls.ephemeralDHKeySize=2048
29-Aug-2023 21:40:09.671 INFO [main] org.apache.catalina.startup.VersionLoggerListener.log Command line argument: -Djava.protocol.handler.pkgs=org.apache.catalina.webresources
29-Aug-2023 21:40:09.671 INFO [main] org.apache.catalina.startup.VersionLoggerListener.log Command line argument: -Dorg.apache.catalina.security.SecurityListener.UMASK=0027
29-Aug-2023 21:40:09.671 INFO [main] org.apache.catalina.startup.VersionLoggerListener.log Command line argument: --add-opens=java.base/java.lang=ALL-UNNAMED
29-Aug-2023 21:40:09.671 INFO [main] org.apache.catalina.startup.VersionLoggerListener.log Command line argument: --add-opens=java.base/java.io=ALL-UNNAMED
29-Aug-2023 21:40:09.671 INFO [main] org.apache.catalina.startup.VersionLoggerListener.log Command line argument: --add-opens=java.base/java.util=ALL-UNNAMED
29-Aug-2023 21:40:09.672 INFO [main] org.apache.catalina.startup.VersionLoggerListener.log Command line argument: --add-opens=java.base/java.util.concurrent=ALL-UNNAMED
29-Aug-2023 21:40:09.672 INFO [main] org.apache.catalina.startup.VersionLoggerListener.log Command line argument: --add-opens=java.rmi/sun.rmi.transport=ALL-UNNAMED
29-Aug-2023 21:40:09.672 INFO [main] org.apache.catalina.startup.VersionLoggerListener.log Command line argument: -Dcatalina.base=/Users/juan/code/skillsoft/java-novice-to-javanista/track-3-javanista/java-web-services-integrating-web-services-with-a-database/server/apache-tomcat-10.1.12
29-Aug-2023 21:40:09.672 INFO [main] org.apache.catalina.startup.VersionLoggerListener.log Command line argument: -Dcatalina.home=/Users/juan/code/skillsoft/java-novice-to-javanista/track-3-javanista/java-web-services-integrating-web-services-with-a-database/server/apache-tomcat-10.1.12
29-Aug-2023 21:40:09.672 INFO [main] org.apache.catalina.startup.VersionLoggerListener.log Command line argument: -Djava.io.tmpdir=/Users/juan/code/skillsoft/java-novice-to-javanista/track-3-javanista/java-web-services-integrating-web-services-with-a-database/server/apache-tomcat-10.1.12/temp
29-Aug-2023 21:40:09.675 INFO [main] org.apache.catalina.core.AprLifecycleListener.lifecycleEvent The Apache Tomcat Native library which allows using OpenSSL was not found on the java.library.path: [/Users/juan/Library/Java/Extensions:/Library/Java/Extensions:/Network/Library/Java/Extensions:/System/Library/Java/Extensions:/usr/lib/java:.]
29-Aug-2023 21:40:09.933 INFO [main] org.apache.coyote.AbstractProtocol.init Initializing ProtocolHandler ["http-nio-8080"]
29-Aug-2023 21:40:09.958 INFO [main] org.apache.catalina.startup.Catalina.load Server initialization in [513] milliseconds
29-Aug-2023 21:40:10.011 INFO [main] org.apache.catalina.core.StandardService.startInternal Starting service [Catalina]
29-Aug-2023 21:40:10.011 INFO [main] org.apache.catalina.core.StandardEngine.startInternal Starting Servlet engine: [Apache Tomcat/10.1.12]
29-Aug-2023 21:40:10.027 INFO [main] org.apache.catalina.startup.HostConfig.deployDirectory Deploying web application directory [/Users/juan/code/skillsoft/java-novice-to-javanista/track-3-javanista/java-web-services-integrating-web-services-with-a-database/server/apache-tomcat-10.1.12/webapps/docs]
29-Aug-2023 21:40:10.334 INFO [main] org.apache.catalina.startup.HostConfig.deployDirectory Deployment of web application directory [/Users/juan/code/skillsoft/java-novice-to-javanista/track-3-javanista/java-web-services-integrating-web-services-with-a-database/server/apache-tomcat-10.1.12/webapps/docs] has finished in [307] ms
29-Aug-2023 21:40:10.335 INFO [main] org.apache.catalina.startup.HostConfig.deployDirectory Deploying web application directory [/Users/juan/code/skillsoft/java-novice-to-javanista/track-3-javanista/java-web-services-integrating-web-services-with-a-database/server/apache-tomcat-10.1.12/webapps/manager]
29-Aug-2023 21:40:10.378 INFO [main] org.apache.catalina.startup.HostConfig.deployDirectory Deployment of web application directory [/Users/juan/code/skillsoft/java-novice-to-javanista/track-3-javanista/java-web-services-integrating-web-services-with-a-database/server/apache-tomcat-10.1.12/webapps/manager] has finished in [43] ms
29-Aug-2023 21:40:10.378 INFO [main] org.apache.catalina.startup.HostConfig.deployDirectory Deploying web application directory [/Users/juan/code/skillsoft/java-novice-to-javanista/track-3-javanista/java-web-services-integrating-web-services-with-a-database/server/apache-tomcat-10.1.12/webapps/examples]
29-Aug-2023 21:40:10.663 INFO [main] org.apache.catalina.startup.HostConfig.deployDirectory Deployment of web application directory [/Users/juan/code/skillsoft/java-novice-to-javanista/track-3-javanista/java-web-services-integrating-web-services-with-a-database/server/apache-tomcat-10.1.12/webapps/examples] has finished in [285] ms
29-Aug-2023 21:40:10.663 INFO [main] org.apache.catalina.startup.HostConfig.deployDirectory Deploying web application directory [/Users/juan/code/skillsoft/java-novice-to-javanista/track-3-javanista/java-web-services-integrating-web-services-with-a-database/server/apache-tomcat-10.1.12/webapps/ROOT]
29-Aug-2023 21:40:10.680 INFO [main] org.apache.catalina.startup.HostConfig.deployDirectory Deployment of web application directory [/Users/juan/code/skillsoft/java-novice-to-javanista/track-3-javanista/java-web-services-integrating-web-services-with-a-database/server/apache-tomcat-10.1.12/webapps/ROOT] has finished in [17] ms
29-Aug-2023 21:40:10.680 INFO [main] org.apache.catalina.startup.HostConfig.deployDirectory Deploying web application directory [/Users/juan/code/skillsoft/java-novice-to-javanista/track-3-javanista/java-web-services-integrating-web-services-with-a-database/server/apache-tomcat-10.1.12/webapps/host-manager]
29-Aug-2023 21:40:10.702 INFO [main] org.apache.catalina.startup.HostConfig.deployDirectory Deployment of web application directory [/Users/juan/code/skillsoft/java-novice-to-javanista/track-3-javanista/java-web-services-integrating-web-services-with-a-database/server/apache-tomcat-10.1.12/webapps/host-manager] has finished in [21] ms
29-Aug-2023 21:40:10.705 INFO [main] org.apache.coyote.AbstractProtocol.start Starting ProtocolHandler ["http-nio-8080"]
29-Aug-2023 21:40:10.718 INFO [main] org.apache.catalina.startup.Catalina.start Server startup in [760] milliseconds
29-Aug-2023 23:09:02.679 INFO [Catalina-utility-2] org.apache.catalina.startup.HostConfig.deployWAR Deploying web application archive [/Users/juan/code/skillsoft/java-novice-to-javanista/track-3-javanista/java-web-services-integrating-web-services-with-a-database/server/apache-tomcat-10.1.12/webapps/book-store.war]
29-Aug-2023 23:09:03.867 INFO [Catalina-utility-2] org.apache.jasper.servlet.TldScanner.scanJars At least one JAR was scanned for TLDs yet contained no TLDs. Enable debug logging for this logger for a complete list of JARs that were scanned but no TLDs were found in them. Skipping unneeded JARs during scanning can improve startup time and JSP compilation time.
29-Aug-2023 23:09:04.018 SEVERE [Catalina-utility-2] com.sun.xml.ws.transport.http.servlet.WSServletContextListener.parseAdaptersAndCreateDelegate WSSERVLET11: failed to parse runtime descriptor: invalid element "enpoint" in runtime descriptor (line 4)
	com.sun.xml.ws.server.ServerRtException: invalid element "enpoint" in runtime descriptor (line 4)
		at com.sun.xml.ws.transport.http.DeploymentDescriptorParser.failWithLocalName(DeploymentDescriptorParser.java:555)
		at com.sun.xml.ws.transport.http.DeploymentDescriptorParser.parseAdapters(DeploymentDescriptorParser.java:281)
		at com.sun.xml.ws.transport.http.DeploymentDescriptorParser.parse(DeploymentDescriptorParser.java:149)
		at com.sun.xml.ws.transport.http.servlet.WSServletContextListener.parseAdaptersAndCreateDelegate(WSServletContextListener.java:101)
		at com.sun.xml.ws.transport.http.servlet.WSServletContainerInitializer.onStartup(WSServletContainerInitializer.java:35)
		at org.apache.catalina.core.StandardContext.startInternal(StandardContext.java:4886)
		at org.apache.catalina.util.LifecycleBase.start(LifecycleBase.java:183)
		at org.apache.catalina.core.ContainerBase.addChildInternal(ContainerBase.java:683)
		at org.apache.catalina.core.ContainerBase.addChild(ContainerBase.java:658)
		at org.apache.catalina.core.StandardHost.addChild(StandardHost.java:713)
		at org.apache.catalina.startup.HostConfig.deployWAR(HostConfig.java:975)
		at org.apache.catalina.startup.HostConfig$DeployWar.run(HostConfig.java:1949)
		at java.base/java.util.concurrent.Executors$RunnableAdapter.call(Executors.java:515)
		at java.base/java.util.concurrent.FutureTask.run(FutureTask.java:264)
		at org.apache.tomcat.util.threads.InlineExecutorService.execute(InlineExecutorService.java:75)
		at java.base/java.util.concurrent.AbstractExecutorService.submit(AbstractExecutorService.java:118)
		at org.apache.catalina.startup.HostConfig.deployWARs(HostConfig.java:776)
		at org.apache.catalina.startup.HostConfig.deployApps(HostConfig.java:426)
		at org.apache.catalina.startup.HostConfig.check(HostConfig.java:1705)
		at org.apache.catalina.startup.HostConfig.lifecycleEvent(HostConfig.java:305)
		at org.apache.catalina.util.LifecycleBase.fireLifecycleEvent(LifecycleBase.java:123)
		at org.apache.catalina.core.ContainerBase.backgroundProcess(ContainerBase.java:1098)
		at org.apache.catalina.core.ContainerBase$ContainerBackgroundProcessor.processChildren(ContainerBase.java:1297)
		at org.apache.catalina.core.ContainerBase$ContainerBackgroundProcessor.processChildren(ContainerBase.java:1301)
		at org.apache.catalina.core.ContainerBase$ContainerBackgroundProcessor.run(ContainerBase.java:1279)
		at java.base/java.util.concurrent.Executors$RunnableAdapter.call(Executors.java:515)
		at java.base/java.util.concurrent.FutureTask.runAndReset(FutureTask.java:305)
		at java.base/java.util.concurrent.ScheduledThreadPoolExecutor$ScheduledFutureTask.run(ScheduledThreadPoolExecutor.java:305)
		at java.base/java.util.concurrent.ThreadPoolExecutor.runWorker(ThreadPoolExecutor.java:1128)
		at java.base/java.util.concurrent.ThreadPoolExecutor$Worker.run(ThreadPoolExecutor.java:628)
		at org.apache.tomcat.util.threads.TaskThread$WrappingRunnable.run(TaskThread.java:61)
		at java.base/java.lang.Thread.run(Thread.java:830)
29-Aug-2023 23:09:04.022 SEVERE [Catalina-utility-2] org.apache.catalina.core.StandardContext.startInternal Error during ServletContainerInitializer processing
	jakarta.servlet.ServletException: com.sun.xml.ws.transport.http.servlet.WSServletException: WSSERVLET11: failed to parse runtime descriptor: invalid element "enpoint" in runtime descriptor (line 4)
		at com.sun.xml.ws.transport.http.servlet.WSServletContainerInitializer.onStartup(WSServletContainerInitializer.java:40)
		at org.apache.catalina.core.StandardContext.startInternal(StandardContext.java:4886)
		at org.apache.catalina.util.LifecycleBase.start(LifecycleBase.java:183)
		at org.apache.catalina.core.ContainerBase.addChildInternal(ContainerBase.java:683)
		at org.apache.catalina.core.ContainerBase.addChild(ContainerBase.java:658)
		at org.apache.catalina.core.StandardHost.addChild(StandardHost.java:713)
		at org.apache.catalina.startup.HostConfig.deployWAR(HostConfig.java:975)
		at org.apache.catalina.startup.HostConfig$DeployWar.run(HostConfig.java:1949)
		at java.base/java.util.concurrent.Executors$RunnableAdapter.call(Executors.java:515)
		at java.base/java.util.concurrent.FutureTask.run(FutureTask.java:264)
		at org.apache.tomcat.util.threads.InlineExecutorService.execute(InlineExecutorService.java:75)
		at java.base/java.util.concurrent.AbstractExecutorService.submit(AbstractExecutorService.java:118)
		at org.apache.catalina.startup.HostConfig.deployWARs(HostConfig.java:776)
		at org.apache.catalina.startup.HostConfig.deployApps(HostConfig.java:426)
		at org.apache.catalina.startup.HostConfig.check(HostConfig.java:1705)
		at org.apache.catalina.startup.HostConfig.lifecycleEvent(HostConfig.java:305)
		at org.apache.catalina.util.LifecycleBase.fireLifecycleEvent(LifecycleBase.java:123)
		at org.apache.catalina.core.ContainerBase.backgroundProcess(ContainerBase.java:1098)
		at org.apache.catalina.core.ContainerBase$ContainerBackgroundProcessor.processChildren(ContainerBase.java:1297)
		at org.apache.catalina.core.ContainerBase$ContainerBackgroundProcessor.processChildren(ContainerBase.java:1301)
		at org.apache.catalina.core.ContainerBase$ContainerBackgroundProcessor.run(ContainerBase.java:1279)
		at java.base/java.util.concurrent.Executors$RunnableAdapter.call(Executors.java:515)
		at java.base/java.util.concurrent.FutureTask.runAndReset(FutureTask.java:305)
		at java.base/java.util.concurrent.ScheduledThreadPoolExecutor$ScheduledFutureTask.run(ScheduledThreadPoolExecutor.java:305)
		at java.base/java.util.concurrent.ThreadPoolExecutor.runWorker(ThreadPoolExecutor.java:1128)
		at java.base/java.util.concurrent.ThreadPoolExecutor$Worker.run(ThreadPoolExecutor.java:628)
		at org.apache.tomcat.util.threads.TaskThread$WrappingRunnable.run(TaskThread.java:61)
		at java.base/java.lang.Thread.run(Thread.java:830)
	Caused by: com.sun.xml.ws.transport.http.servlet.WSServletException: WSSERVLET11: failed to parse runtime descriptor: invalid element "enpoint" in runtime descriptor (line 4)
		at com.sun.xml.ws.transport.http.servlet.WSServletContextListener.parseAdaptersAndCreateDelegate(WSServletContextListener.java:111)
		at com.sun.xml.ws.transport.http.servlet.WSServletContainerInitializer.onStartup(WSServletContainerInitializer.java:35)
		... 27 more
	Caused by: com.sun.xml.ws.server.ServerRtException: invalid element "enpoint" in runtime descriptor (line 4)
		at com.sun.xml.ws.transport.http.DeploymentDescriptorParser.failWithLocalName(DeploymentDescriptorParser.java:555)
		at com.sun.xml.ws.transport.http.DeploymentDescriptorParser.parseAdapters(DeploymentDescriptorParser.java:281)
		at com.sun.xml.ws.transport.http.DeploymentDescriptorParser.parse(DeploymentDescriptorParser.java:149)
		at com.sun.xml.ws.transport.http.servlet.WSServletContextListener.parseAdaptersAndCreateDelegate(WSServletContextListener.java:101)
		... 28 more
29-Aug-2023 23:09:04.024 SEVERE [Catalina-utility-2] org.apache.catalina.core.StandardContext.startInternal Context [/book-store] startup failed due to previous errors
29-Aug-2023 23:09:04.035 INFO [Catalina-utility-2] org.apache.catalina.startup.HostConfig.deployWAR Deployment of web application archive [/Users/juan/code/skillsoft/java-novice-to-javanista/track-3-javanista/java-web-services-integrating-web-services-with-a-database/server/apache-tomcat-10.1.12/webapps/book-store.war] has finished in [1,356] ms
29-Aug-2023 23:12:17.901 INFO [main] org.apache.catalina.startup.VersionLoggerListener.log Server version name:   Apache Tomcat/10.1.12
29-Aug-2023 23:12:17.904 INFO [main] org.apache.catalina.startup.VersionLoggerListener.log Server built:          Aug 8 2023 19:16:13 UTC
29-Aug-2023 23:12:17.904 INFO [main] org.apache.catalina.startup.VersionLoggerListener.log Server version number: 10.1.12.0
29-Aug-2023 23:12:17.905 INFO [main] org.apache.catalina.startup.VersionLoggerListener.log OS Name:               Mac OS X
29-Aug-2023 23:12:17.905 INFO [main] org.apache.catalina.startup.VersionLoggerListener.log OS Version:            10.16
29-Aug-2023 23:12:17.905 INFO [main] org.apache.catalina.startup.VersionLoggerListener.log Architecture:          x86_64
29-Aug-2023 23:12:17.905 INFO [main] org.apache.catalina.startup.VersionLoggerListener.log Java Home:             /Library/Java/JavaVirtualMachines/jdk-13.0.1.jdk/Contents/Home
29-Aug-2023 23:12:17.905 INFO [main] org.apache.catalina.startup.VersionLoggerListener.log JVM Version:           13.0.1+9
29-Aug-2023 23:12:17.905 INFO [main] org.apache.catalina.startup.VersionLoggerListener.log JVM Vendor:            Oracle Corporation
29-Aug-2023 23:12:17.905 INFO [main] org.apache.catalina.startup.VersionLoggerListener.log CATALINA_BASE:         /Users/juan/code/skillsoft/java-novice-to-javanista/track-3-javanista/java-web-services-integrating-web-services-with-a-database/server/apache-tomcat-10.1.12
29-Aug-2023 23:12:17.905 INFO [main] org.apache.catalina.startup.VersionLoggerListener.log CATALINA_HOME:         /Users/juan/code/skillsoft/java-novice-to-javanista/track-3-javanista/java-web-services-integrating-web-services-with-a-database/server/apache-tomcat-10.1.12
29-Aug-2023 23:12:17.918 INFO [main] org.apache.catalina.startup.VersionLoggerListener.log Command line argument: -Djava.util.logging.config.file=/Users/juan/code/skillsoft/java-novice-to-javanista/track-3-javanista/java-web-services-integrating-web-services-with-a-database/server/apache-tomcat-10.1.12/conf/logging.properties
29-Aug-2023 23:12:17.918 INFO [main] org.apache.catalina.startup.VersionLoggerListener.log Command line argument: -Djava.util.logging.manager=org.apache.juli.ClassLoaderLogManager
29-Aug-2023 23:12:17.918 INFO [main] org.apache.catalina.startup.VersionLoggerListener.log Command line argument: -Djdk.tls.ephemeralDHKeySize=2048
29-Aug-2023 23:12:17.918 INFO [main] org.apache.catalina.startup.VersionLoggerListener.log Command line argument: -Djava.protocol.handler.pkgs=org.apache.catalina.webresources
29-Aug-2023 23:12:17.919 INFO [main] org.apache.catalina.startup.VersionLoggerListener.log Command line argument: -Dorg.apache.catalina.security.SecurityListener.UMASK=0027
29-Aug-2023 23:12:17.919 INFO [main] org.apache.catalina.startup.VersionLoggerListener.log Command line argument: --add-opens=java.base/java.lang=ALL-UNNAMED
29-Aug-2023 23:12:17.919 INFO [main] org.apache.catalina.startup.VersionLoggerListener.log Command line argument: --add-opens=java.base/java.io=ALL-UNNAMED
29-Aug-2023 23:12:17.919 INFO [main] org.apache.catalina.startup.VersionLoggerListener.log Command line argument: --add-opens=java.base/java.util=ALL-UNNAMED
29-Aug-2023 23:12:17.919 INFO [main] org.apache.catalina.startup.VersionLoggerListener.log Command line argument: --add-opens=java.base/java.util.concurrent=ALL-UNNAMED
29-Aug-2023 23:12:17.919 INFO [main] org.apache.catalina.startup.VersionLoggerListener.log Command line argument: --add-opens=java.rmi/sun.rmi.transport=ALL-UNNAMED
29-Aug-2023 23:12:17.919 INFO [main] org.apache.catalina.startup.VersionLoggerListener.log Command line argument: -Dcatalina.base=/Users/juan/code/skillsoft/java-novice-to-javanista/track-3-javanista/java-web-services-integrating-web-services-with-a-database/server/apache-tomcat-10.1.12
29-Aug-2023 23:12:17.919 INFO [main] org.apache.catalina.startup.VersionLoggerListener.log Command line argument: -Dcatalina.home=/Users/juan/code/skillsoft/java-novice-to-javanista/track-3-javanista/java-web-services-integrating-web-services-with-a-database/server/apache-tomcat-10.1.12
29-Aug-2023 23:12:17.919 INFO [main] org.apache.catalina.startup.VersionLoggerListener.log Command line argument: -Djava.io.tmpdir=/Users/juan/code/skillsoft/java-novice-to-javanista/track-3-javanista/java-web-services-integrating-web-services-with-a-database/server/apache-tomcat-10.1.12/temp
29-Aug-2023 23:12:17.922 INFO [main] org.apache.catalina.core.AprLifecycleListener.lifecycleEvent The Apache Tomcat Native library which allows using OpenSSL was not found on the java.library.path: [/Users/juan/Library/Java/Extensions:/Library/Java/Extensions:/Network/Library/Java/Extensions:/System/Library/Java/Extensions:/usr/lib/java:.]
29-Aug-2023 23:12:18.151 INFO [main] org.apache.coyote.AbstractProtocol.init Initializing ProtocolHandler ["http-nio-8080"]
29-Aug-2023 23:12:18.175 INFO [main] org.apache.catalina.startup.Catalina.load Server initialization in [455] milliseconds
29-Aug-2023 23:12:18.211 INFO [main] org.apache.catalina.core.StandardService.startInternal Starting service [Catalina]
29-Aug-2023 23:12:18.211 INFO [main] org.apache.catalina.core.StandardEngine.startInternal Starting Servlet engine: [Apache Tomcat/10.1.12]
29-Aug-2023 23:12:18.232 INFO [main] org.apache.catalina.startup.HostConfig.deployWAR Deploying web application archive [/Users/juan/code/skillsoft/java-novice-to-javanista/track-3-javanista/java-web-services-integrating-web-services-with-a-database/server/apache-tomcat-10.1.12/webapps/book-store.war]
29-Aug-2023 23:12:19.359 INFO [main] org.apache.jasper.servlet.TldScanner.scanJars At least one JAR was scanned for TLDs yet contained no TLDs. Enable debug logging for this logger for a complete list of JARs that were scanned but no TLDs were found in them. Skipping unneeded JARs during scanning can improve startup time and JSP compilation time.
29-Aug-2023 23:12:19.513 SEVERE [main] com.sun.xml.ws.transport.http.servlet.WSServletContextListener.parseAdaptersAndCreateDelegate WSSERVLET11: failed to parse runtime descriptor: invalid element "enpoint" in runtime descriptor (line 4)
	com.sun.xml.ws.server.ServerRtException: invalid element "enpoint" in runtime descriptor (line 4)
		at com.sun.xml.ws.transport.http.DeploymentDescriptorParser.failWithLocalName(DeploymentDescriptorParser.java:555)
		at com.sun.xml.ws.transport.http.DeploymentDescriptorParser.parseAdapters(DeploymentDescriptorParser.java:281)
		at com.sun.xml.ws.transport.http.DeploymentDescriptorParser.parse(DeploymentDescriptorParser.java:149)
		at com.sun.xml.ws.transport.http.servlet.WSServletContextListener.parseAdaptersAndCreateDelegate(WSServletContextListener.java:101)
		at com.sun.xml.ws.transport.http.servlet.WSServletContainerInitializer.onStartup(WSServletContainerInitializer.java:35)
		at org.apache.catalina.core.StandardContext.startInternal(StandardContext.java:4886)
		at org.apache.catalina.util.LifecycleBase.start(LifecycleBase.java:183)
		at org.apache.catalina.core.ContainerBase.addChildInternal(ContainerBase.java:683)
		at org.apache.catalina.core.ContainerBase.addChild(ContainerBase.java:658)
		at org.apache.catalina.core.StandardHost.addChild(StandardHost.java:713)
		at org.apache.catalina.startup.HostConfig.deployWAR(HostConfig.java:975)
		at org.apache.catalina.startup.HostConfig$DeployWar.run(HostConfig.java:1949)
		at java.base/java.util.concurrent.Executors$RunnableAdapter.call(Executors.java:515)
		at java.base/java.util.concurrent.FutureTask.run(FutureTask.java:264)
		at org.apache.tomcat.util.threads.InlineExecutorService.execute(InlineExecutorService.java:75)
		at java.base/java.util.concurrent.AbstractExecutorService.submit(AbstractExecutorService.java:118)
		at org.apache.catalina.startup.HostConfig.deployWARs(HostConfig.java:776)
		at org.apache.catalina.startup.HostConfig.deployApps(HostConfig.java:426)
		at org.apache.catalina.startup.HostConfig.start(HostConfig.java:1656)
		at org.apache.catalina.startup.HostConfig.lifecycleEvent(HostConfig.java:309)
		at org.apache.catalina.util.LifecycleBase.fireLifecycleEvent(LifecycleBase.java:123)
		at org.apache.catalina.util.LifecycleBase.setStateInternal(LifecycleBase.java:423)
		at org.apache.catalina.util.LifecycleBase.setState(LifecycleBase.java:366)
		at org.apache.catalina.core.ContainerBase.startInternal(ContainerBase.java:893)
		at org.apache.catalina.core.StandardHost.startInternal(StandardHost.java:846)
		at org.apache.catalina.util.LifecycleBase.start(LifecycleBase.java:183)
		at org.apache.catalina.core.ContainerBase$StartChild.call(ContainerBase.java:1328)
		at org.apache.catalina.core.ContainerBase$StartChild.call(ContainerBase.java:1318)
		at java.base/java.util.concurrent.FutureTask.run(FutureTask.java:264)
		at org.apache.tomcat.util.threads.InlineExecutorService.execute(InlineExecutorService.java:75)
		at java.base/java.util.concurrent.AbstractExecutorService.submit(AbstractExecutorService.java:140)
		at org.apache.catalina.core.ContainerBase.startInternal(ContainerBase.java:866)
		at org.apache.catalina.core.StandardEngine.startInternal(StandardEngine.java:241)
		at org.apache.catalina.util.LifecycleBase.start(LifecycleBase.java:183)
		at org.apache.catalina.core.StandardService.startInternal(StandardService.java:428)
		at org.apache.catalina.util.LifecycleBase.start(LifecycleBase.java:183)
		at org.apache.catalina.core.StandardServer.startInternal(StandardServer.java:918)
		at org.apache.catalina.util.LifecycleBase.start(LifecycleBase.java:183)
		at org.apache.catalina.startup.Catalina.start(Catalina.java:795)
		at java.base/jdk.internal.reflect.NativeMethodAccessorImpl.invoke0(Native Method)
		at java.base/jdk.internal.reflect.NativeMethodAccessorImpl.invoke(NativeMethodAccessorImpl.java:62)
		at java.base/jdk.internal.reflect.DelegatingMethodAccessorImpl.invoke(DelegatingMethodAccessorImpl.java:43)
		at java.base/java.lang.reflect.Method.invoke(Method.java:567)
		at org.apache.catalina.startup.Bootstrap.start(Bootstrap.java:347)
		at org.apache.catalina.startup.Bootstrap.main(Bootstrap.java:478)
29-Aug-2023 23:12:19.516 SEVERE [main] org.apache.catalina.core.StandardContext.startInternal Error during ServletContainerInitializer processing
	jakarta.servlet.ServletException: com.sun.xml.ws.transport.http.servlet.WSServletException: WSSERVLET11: failed to parse runtime descriptor: invalid element "enpoint" in runtime descriptor (line 4)
		at com.sun.xml.ws.transport.http.servlet.WSServletContainerInitializer.onStartup(WSServletContainerInitializer.java:40)
		at org.apache.catalina.core.StandardContext.startInternal(StandardContext.java:4886)
		at org.apache.catalina.util.LifecycleBase.start(LifecycleBase.java:183)
		at org.apache.catalina.core.ContainerBase.addChildInternal(ContainerBase.java:683)
		at org.apache.catalina.core.ContainerBase.addChild(ContainerBase.java:658)
		at org.apache.catalina.core.StandardHost.addChild(StandardHost.java:713)
		at org.apache.catalina.startup.HostConfig.deployWAR(HostConfig.java:975)
		at org.apache.catalina.startup.HostConfig$DeployWar.run(HostConfig.java:1949)
		at java.base/java.util.concurrent.Executors$RunnableAdapter.call(Executors.java:515)
		at java.base/java.util.concurrent.FutureTask.run(FutureTask.java:264)
		at org.apache.tomcat.util.threads.InlineExecutorService.execute(InlineExecutorService.java:75)
		at java.base/java.util.concurrent.AbstractExecutorService.submit(AbstractExecutorService.java:118)
		at org.apache.catalina.startup.HostConfig.deployWARs(HostConfig.java:776)
		at org.apache.catalina.startup.HostConfig.deployApps(HostConfig.java:426)
		at org.apache.catalina.startup.HostConfig.start(HostConfig.java:1656)
		at org.apache.catalina.startup.HostConfig.lifecycleEvent(HostConfig.java:309)
		at org.apache.catalina.util.LifecycleBase.fireLifecycleEvent(LifecycleBase.java:123)
		at org.apache.catalina.util.LifecycleBase.setStateInternal(LifecycleBase.java:423)
		at org.apache.catalina.util.LifecycleBase.setState(LifecycleBase.java:366)
		at org.apache.catalina.core.ContainerBase.startInternal(ContainerBase.java:893)
		at org.apache.catalina.core.StandardHost.startInternal(StandardHost.java:846)
		at org.apache.catalina.util.LifecycleBase.start(LifecycleBase.java:183)
		at org.apache.catalina.core.ContainerBase$StartChild.call(ContainerBase.java:1328)
		at org.apache.catalina.core.ContainerBase$StartChild.call(ContainerBase.java:1318)
		at java.base/java.util.concurrent.FutureTask.run(FutureTask.java:264)
		at org.apache.tomcat.util.threads.InlineExecutorService.execute(InlineExecutorService.java:75)
		at java.base/java.util.concurrent.AbstractExecutorService.submit(AbstractExecutorService.java:140)
		at org.apache.catalina.core.ContainerBase.startInternal(ContainerBase.java:866)
		at org.apache.catalina.core.StandardEngine.startInternal(StandardEngine.java:241)
		at org.apache.catalina.util.LifecycleBase.start(LifecycleBase.java:183)
		at org.apache.catalina.core.StandardService.startInternal(StandardService.java:428)
		at org.apache.catalina.util.LifecycleBase.start(LifecycleBase.java:183)
		at org.apache.catalina.core.StandardServer.startInternal(StandardServer.java:918)
		at org.apache.catalina.util.LifecycleBase.start(LifecycleBase.java:183)
		at org.apache.catalina.startup.Catalina.start(Catalina.java:795)
		at java.base/jdk.internal.reflect.NativeMethodAccessorImpl.invoke0(Native Method)
		at java.base/jdk.internal.reflect.NativeMethodAccessorImpl.invoke(NativeMethodAccessorImpl.java:62)
		at java.base/jdk.internal.reflect.DelegatingMethodAccessorImpl.invoke(DelegatingMethodAccessorImpl.java:43)
		at java.base/java.lang.reflect.Method.invoke(Method.java:567)
		at org.apache.catalina.startup.Bootstrap.start(Bootstrap.java:347)
		at org.apache.catalina.startup.Bootstrap.main(Bootstrap.java:478)
	Caused by: com.sun.xml.ws.transport.http.servlet.WSServletException: WSSERVLET11: failed to parse runtime descriptor: invalid element "enpoint" in runtime descriptor (line 4)
		at com.sun.xml.ws.transport.http.servlet.WSServletContextListener.parseAdaptersAndCreateDelegate(WSServletContextListener.java:111)
		at com.sun.xml.ws.transport.http.servlet.WSServletContainerInitializer.onStartup(WSServletContainerInitializer.java:35)
		... 40 more
	Caused by: com.sun.xml.ws.server.ServerRtException: invalid element "enpoint" in runtime descriptor (line 4)
		at com.sun.xml.ws.transport.http.DeploymentDescriptorParser.failWithLocalName(DeploymentDescriptorParser.java:555)
		at com.sun.xml.ws.transport.http.DeploymentDescriptorParser.parseAdapters(DeploymentDescriptorParser.java:281)
		at com.sun.xml.ws.transport.http.DeploymentDescriptorParser.parse(DeploymentDescriptorParser.java:149)
		at com.sun.xml.ws.transport.http.servlet.WSServletContextListener.parseAdaptersAndCreateDelegate(WSServletContextListener.java:101)
		... 41 more
29-Aug-2023 23:12:19.526 SEVERE [main] org.apache.catalina.core.StandardContext.startInternal Context [/book-store] startup failed due to previous errors
29-Aug-2023 23:12:19.534 INFO [main] org.apache.catalina.startup.HostConfig.deployWAR Deployment of web application archive [/Users/juan/code/skillsoft/java-novice-to-javanista/track-3-javanista/java-web-services-integrating-web-services-with-a-database/server/apache-tomcat-10.1.12/webapps/book-store.war] has finished in [1,302] ms
29-Aug-2023 23:12:19.535 INFO [main] org.apache.catalina.startup.HostConfig.deployDirectory Deploying web application directory [/Users/juan/code/skillsoft/java-novice-to-javanista/track-3-javanista/java-web-services-integrating-web-services-with-a-database/server/apache-tomcat-10.1.12/webapps/docs]
29-Aug-2023 23:12:19.588 INFO [main] org.apache.catalina.startup.HostConfig.deployDirectory Deployment of web application directory [/Users/juan/code/skillsoft/java-novice-to-javanista/track-3-javanista/java-web-services-integrating-web-services-with-a-database/server/apache-tomcat-10.1.12/webapps/docs] has finished in [54] ms
29-Aug-2023 23:12:19.588 INFO [main] org.apache.catalina.startup.HostConfig.deployDirectory Deploying web application directory [/Users/juan/code/skillsoft/java-novice-to-javanista/track-3-javanista/java-web-services-integrating-web-services-with-a-database/server/apache-tomcat-10.1.12/webapps/manager]
29-Aug-2023 23:12:19.626 INFO [main] org.apache.catalina.startup.HostConfig.deployDirectory Deployment of web application directory [/Users/juan/code/skillsoft/java-novice-to-javanista/track-3-javanista/java-web-services-integrating-web-services-with-a-database/server/apache-tomcat-10.1.12/webapps/manager] has finished in [38] ms
29-Aug-2023 23:12:19.626 INFO [main] org.apache.catalina.startup.HostConfig.deployDirectory Deploying web application directory [/Users/juan/code/skillsoft/java-novice-to-javanista/track-3-javanista/java-web-services-integrating-web-services-with-a-database/server/apache-tomcat-10.1.12/webapps/examples]
29-Aug-2023 23:12:19.871 INFO [main] org.apache.catalina.startup.HostConfig.deployDirectory Deployment of web application directory [/Users/juan/code/skillsoft/java-novice-to-javanista/track-3-javanista/java-web-services-integrating-web-services-with-a-database/server/apache-tomcat-10.1.12/webapps/examples] has finished in [245] ms
29-Aug-2023 23:12:19.872 INFO [main] org.apache.catalina.startup.HostConfig.deployDirectory Deploying web application directory [/Users/juan/code/skillsoft/java-novice-to-javanista/track-3-javanista/java-web-services-integrating-web-services-with-a-database/server/apache-tomcat-10.1.12/webapps/ROOT]
29-Aug-2023 23:12:19.890 INFO [main] org.apache.catalina.startup.HostConfig.deployDirectory Deployment of web application directory [/Users/juan/code/skillsoft/java-novice-to-javanista/track-3-javanista/java-web-services-integrating-web-services-with-a-database/server/apache-tomcat-10.1.12/webapps/ROOT] has finished in [18] ms
29-Aug-2023 23:12:19.891 INFO [main] org.apache.catalina.startup.HostConfig.deployDirectory Deploying web application directory [/Users/juan/code/skillsoft/java-novice-to-javanista/track-3-javanista/java-web-services-integrating-web-services-with-a-database/server/apache-tomcat-10.1.12/webapps/host-manager]
29-Aug-2023 23:12:19.916 INFO [main] org.apache.catalina.startup.HostConfig.deployDirectory Deployment of web application directory [/Users/juan/code/skillsoft/java-novice-to-javanista/track-3-javanista/java-web-services-integrating-web-services-with-a-database/server/apache-tomcat-10.1.12/webapps/host-manager] has finished in [26] ms
29-Aug-2023 23:12:19.921 INFO [main] org.apache.coyote.AbstractProtocol.start Starting ProtocolHandler ["http-nio-8080"]
29-Aug-2023 23:12:19.933 INFO [main] org.apache.catalina.startup.Catalina.start Server startup in [1757] milliseconds
29-Aug-2023 23:13:29.959 INFO [Catalina-utility-1] org.apache.catalina.startup.HostConfig.undeploy Undeploying context [/book-store]
29-Aug-2023 23:13:29.972 INFO [Catalina-utility-1] org.apache.catalina.startup.HostConfig.deployWAR Deploying web application archive [/Users/juan/code/skillsoft/java-novice-to-javanista/track-3-javanista/java-web-services-integrating-web-services-with-a-database/server/apache-tomcat-10.1.12/webapps/book-store.war]
29-Aug-2023 23:13:30.903 INFO [Catalina-utility-1] org.apache.jasper.servlet.TldScanner.scanJars At least one JAR was scanned for TLDs yet contained no TLDs. Enable debug logging for this logger for a complete list of JARs that were scanned but no TLDs were found in them. Skipping unneeded JARs during scanning can improve startup time and JSP compilation time.
29-Aug-2023 23:13:32.293 INFO [Catalina-utility-1] com.sun.xml.ws.transport.http.servlet.WSServletDelegate.<init> WSSERVLET14: JAX-WS servlet initializing
29-Aug-2023 23:13:32.294 INFO [Catalina-utility-1] com.sun.xml.ws.transport.http.servlet.WSServletContextListener.contextInitialized WSSERVLET12: JAX-WS context listener initializing
29-Aug-2023 23:13:32.294 INFO [Catalina-utility-1] com.sun.xml.ws.transport.http.servlet.WSServletContextListener.contextInitialized WSSERVLET12: JAX-WS context listener initializing
29-Aug-2023 23:13:32.297 INFO [Catalina-utility-1] org.apache.catalina.startup.HostConfig.deployWAR Deployment of web application archive [/Users/juan/code/skillsoft/java-novice-to-javanista/track-3-javanista/java-web-services-integrating-web-services-with-a-database/server/apache-tomcat-10.1.12/webapps/book-store.war] has finished in [2,325] ms
